<?xml version="1.0" encoding="UTF-8"?>
<!-- Generated by org.testng.reporters.JUnitReportReporter -->
<testsuite hostname="MAVPUN1121205" failures="0" tests="1" name="day7.FakerDataGenerator" time="0.148" errors="0" timestamp="2024-04-14T20:37:06 IST" skipped="0">
  <testcase classname="day7.FakerDataGenerator" name="testGeneratorDummyData" time="0.148"/>
  <system-out/>
</testsuite> <!-- day7.FakerDataGenerator -->
