<?xml version="1.0" encoding="UTF-8"?>
<!-- Generated by org.testng.reporters.JUnitReportReporter -->
<testsuite hostname="MAVPUN1121205" failures="0" tests="1" name="day2_WaysToToCreatePostRequestBody.POJO_ToCreatePostRequestBody.POJO_ToCreatePostRequestBody_Ext" time="0.916" errors="0" timestamp="2024-07-04T15:01:39 IST" skipped="0">
  <testcase classname="day2_WaysToToCreatePostRequestBody.POJO_ToCreatePostRequestBody.POJO_ToCreatePostRequestBody_Ext" name="testDelete" time="0.916"/>
  <system-out/>
</testsuite> <!-- day2_WaysToToCreatePostRequestBody.POJO_ToCreatePostRequestBody.POJO_ToCreatePostRequestBody_Ext -->
