<?xml version="1.0" encoding="UTF-8"?>
<!-- Generated by org.testng.reporters.JUnitReportReporter -->
<testsuite hostname="MAVPUN1121205" failures="0" tests="1" name="practice.GetUser" time="23.150" errors="0" timestamp="2024-04-25T15:59:43 IST" skipped="0">
  <testcase classname="practice.GetUser" name="getUser" time="23.150"/>
  <system-out/>
</testsuite> <!-- practice.GetUser -->
