<?xml version="1.0" encoding="UTF-8"?>
<!-- Generated by org.testng.reporters.JUnitReportReporter -->
<testsuite hostname="MAVPUN1121205" failures="0" tests="1" name="stringCodes.SchemaValidation" time="1.240" errors="0" timestamp="2024-05-14T02:26:05 IST" skipped="0">
  <testcase classname="stringCodes.SchemaValidation" name="schemaValidate" time="1.240"/>
  <system-out/>
</testsuite> <!-- stringCodes.SchemaValidation -->
