<?xml version="1.0" encoding="UTF-8"?>
<!-- Generated by org.testng.reporters.JUnitReportReporter -->
<testsuite hostname="MAVPUN1121205" failures="0" tests="1" name="day3.CookiesDemo" time="2.040" errors="0" timestamp="2024-07-31T17:58:04 IST" skipped="0">
  <testcase classname="day3.CookiesDemo" name="getCookiesInfo" time="2.040"/>
  <system-out/>
</testsuite> <!-- day3.CookiesDemo -->
