<?xml version="1.0" encoding="UTF-8"?>
<!-- Generated by org.testng.reporters.JUnitReportReporter -->
<testsuite hostname="MAVPUN1121205" failures="0" tests="1" name="data3.HeaderDemo2" time="1.438" errors="0" timestamp="2024-04-13T16:42:14 IST" skipped="0">
  <testcase classname="data3.HeaderDemo2" name="getHeaderInfo" time="1.438"/>
  <system-out/>
</testsuite> <!-- data3.HeaderDemo2 -->
