<?xml version="1.0" encoding="UTF-8"?>
<!-- Generated by org.testng.reporters.JUnitReportReporter -->
<testsuite hostname="MAVPUN1121205" failures="0" tests="1" name="stringCodes.CookiesDemo" time="1.533" errors="0" timestamp="2024-05-13T18:58:22 IST" skipped="0">
  <testcase classname="stringCodes.CookiesDemo" name="getCookies" time="1.533"/>
  <system-out/>
</testsuite> <!-- stringCodes.CookiesDemo -->
