<?xml version="1.0" encoding="UTF-8"?>
<!-- Generated by org.testng.reporters.JUnitReportReporter -->
<testsuite hostname="MAVPUN1121205" failures="0" tests="1" name="practice.QueryParameter" time="2.748" errors="0" timestamp="2024-04-28T18:54:06 IST" skipped="0">
  <testcase classname="practice.QueryParameter" name="mainClass" time="2.748"/>
  <system-out/>
</testsuite> <!-- practice.QueryParameter -->
