<?xml version="1.0" encoding="UTF-8"?>
<!-- Generated by org.testng.reporters.JUnitReportReporter -->
<testsuite hostname="MAVPUN1121205" failures="0" tests="2" name="stringCodes.HTTPRequests1" time="3.650" errors="0" timestamp="2024-05-14T01:33:31 IST" skipped="0">
  <testcase classname="stringCodes.HTTPRequests1" name="createUser" time="2.576"/>
  <system-out/>
  <testcase classname="stringCodes.HTTPRequests1" name="updateUser" time="1.074"/>
  <system-out/>
</testsuite> <!-- stringCodes.HTTPRequests1 -->
