<?xml version="1.0" encoding="UTF-8"?>
<!-- Generated by org.testng.reporters.JUnitReportReporter -->
<testsuite hostname="MAVPUN1121205" failures="0" tests="3" name="practice.HTTPRequests" time="2.072" errors="0" timestamp="2024-04-28T12:16:47 IST" skipped="2">
  <testcase classname="practice.HTTPRequests" name="getUser" time="2.072"/>
  <system-out/>
  <testcase classname="practice.HTTPRequests" name="createUser">
    <skipped/>
  </testcase> <!-- createUser -->
  <system-out/>
  <testcase classname="practice.HTTPRequests" name="updateUser">
    <skipped/>
  </testcase> <!-- updateUser -->
  <system-out/>
</testsuite> <!-- practice.HTTPRequests -->
