<?xml version="1.0" encoding="UTF-8"?>
<!-- Generated by org.testng.reporters.JUnitReportReporter -->
<testsuite hostname="MAVPUN1121205" failures="0" tests="5" name="practice.UpdateUser1" time="5.761" errors="0" timestamp="2024-04-25T17:10:16 IST" skipped="0">
  <testcase classname="practice.UpdateUser1" name="test_CreateUser" time="2.312"/>
  <system-out/>
  <testcase classname="practice.UpdateUser1" name="putUserData" time="1.148"/>
  <system-out/>
  <testcase classname="practice.UpdateUser1" name="patchUserData" time="0.767"/>
  <system-out/>
  <testcase classname="practice.UpdateUser1" name="getUserData" time="0.819"/>
  <system-out/>
  <testcase classname="practice.UpdateUser1" name="deleteUserData" time="0.715"/>
  <system-out/>
</testsuite> <!-- practice.UpdateUser1 -->
