<?xml version="1.0" encoding="UTF-8"?>
<!-- Generated by org.testng.reporters.JUnitReportReporter -->
<testsuite hostname="MAVPUN1121205" failures="0" tests="1" name="practice.CreateUser1" time="2.708" errors="0" timestamp="2024-04-25T16:23:38 IST" skipped="0">
  <testcase classname="practice.CreateUser1" name="test_CreateUser" time="2.708"/>
  <system-out/>
</testsuite> <!-- practice.CreateUser1 -->
