<?xml version="1.0" encoding="UTF-8"?>
<!-- Generated by org.testng.reporters.JUnitReportReporter -->
<testsuite hostname="MAVPUN1121205" failures="0" tests="1" name="day8.CreateUser" time="3.180" errors="0" timestamp="2024-04-28T12:36:47 IST" skipped="0">
  <testcase classname="day8.CreateUser" name="test_CreateUser" time="3.180"/>
  <system-out/>
</testsuite> <!-- day8.CreateUser -->
