<?xml version="1.0" encoding="UTF-8"?>
<!-- Generated by org.testng.reporters.JUnitReportReporter -->
<testsuite hostname="MAVPUN1121205" failures="0" tests="1" name="day2_WaysToToCreatePostRequestBody.JSONObject_ToCreatePostRequestBody" time="0.900" errors="0" timestamp="2024-08-06T16:12:37 IST" skipped="0">
  <testcase classname="day2_WaysToToCreatePostRequestBody.JSONObject_ToCreatePostRequestBody" name="testDelete" time="0.900"/>
  <system-out/>
</testsuite> <!-- day2_WaysToToCreatePostRequestBody.JSONObject_ToCreatePostRequestBody -->
