<?xml version="1.0" encoding="UTF-8"?>
<!-- Generated by org.testng.reporters.JUnitReportReporter -->
<testsuite hostname="MAVPUN1121205" failures="0" tests="1" name="day3.HeaderDemo2" time="1.431" errors="0" timestamp="2024-07-08T19:35:47 IST" skipped="0">
  <testcase classname="day3.HeaderDemo2" name="headers" time="1.431"/>
  <system-out/>
</testsuite> <!-- day3.HeaderDemo2 -->
