<?xml version="1.0" encoding="UTF-8"?>
<!-- Generated by org.testng.reporters.JUnitReportReporter -->
<testsuite hostname="MAVPUN1121205" failures="0" tests="1" name="data3.PathAndQueryParameters" time="1.297" errors="0" timestamp="2024-04-13T15:54:31 IST" skipped="0">
  <testcase classname="data3.PathAndQueryParameters" name="testPathAndQueryParameters" time="1.297"/>
  <system-out/>
</testsuite> <!-- data3.PathAndQueryParameters -->
