<?xml version="1.0" encoding="UTF-8"?>
<!-- Generated by org.testng.reporters.JUnitReportReporter -->
<testsuite hostname="MAVPUN1121205" failures="0" tests="1" name="day3.PathAndQueryParameters" time="1.246" errors="0" timestamp="2024-05-12T17:10:56 IST" skipped="0">
  <testcase classname="day3.PathAndQueryParameters" name="testPathAndQueryParameters" time="1.246"/>
  <system-out/>
</testsuite> <!-- day3.PathAndQueryParameters -->
