<?xml version="1.0" encoding="UTF-8"?>
<!-- Generated by org.testng.reporters.JUnitReportReporter -->
<testsuite hostname="MAVPUN1121205" failures="0" tests="3" name="practice.JavaPractice" time="8.374" errors="0" timestamp="2024-05-07T13:34:27 IST" skipped="0">
  <testcase classname="practice.JavaPractice" name="create" time="6.514"/>
  <system-out/>
  <testcase classname="practice.JavaPractice" name="putUser" time="0.969"/>
  <system-out/>
  <testcase classname="practice.JavaPractice" name="delete" time="0.891"/>
  <system-out/>
</testsuite> <!-- practice.JavaPractice -->
