<?xml version="1.0" encoding="UTF-8"?>
<!-- Generated by org.testng.reporters.JUnitReportReporter -->
<testsuite hostname="MAVPUN1121205" failures="0" tests="1" name="day3.LoggingDemo" time="1.651" errors="0" timestamp="2024-07-14T13:06:21 IST" skipped="0">
  <testcase classname="day3.LoggingDemo" name="testLogs" time="1.651"/>
  <system-out/>
</testsuite> <!-- day3.LoggingDemo -->
