<?xml version="1.0" encoding="UTF-8"?>
<!-- Generated by org.testng.reporters.JUnitReportReporter -->
<testsuite hostname="MAVPUN1121205" failures="0" tests="1" name="day8.PatchUser" time="0.925" errors="0" timestamp="2024-04-28T11:05:14 IST" skipped="0">
  <testcase classname="day8.PatchUser" name="test_updateUser" time="0.925"/>
  <system-out/>
</testsuite> <!-- day8.PatchUser -->
