<?xml version="1.0" encoding="UTF-8"?>
<!-- Generated by org.testng.reporters.JUnitReportReporter -->
<testsuite hostname="MAVPUN1121205" failures="0" tests="1" name="data3.LoggingDemo" time="1.206" errors="0" timestamp="2024-04-13T16:49:00 IST" skipped="0">
  <testcase classname="data3.LoggingDemo" name="testLogs" time="1.206"/>
  <system-out/>
</testsuite> <!-- data3.LoggingDemo -->
