<?xml version="1.0" encoding="UTF-8"?>
<!-- Generated by org.testng.reporters.JUnitReportReporter -->
<testsuite hostname="MAVPUN1121205" failures="0" tests="1" name="practice.TypeOfAuthentication" time="23.318" errors="0" timestamp="2024-04-28T10:33:21 IST" skipped="0">
  <testcase classname="practice.TypeOfAuthentication" name="basicAuthentication" time="23.318"/>
  <system-out/>
</testsuite> <!-- practice.TypeOfAuthentication -->
