<?xml version="1.0" encoding="UTF-8"?>
<!-- Generated by org.testng.reporters.JUnitReportReporter -->
<testsuite hostname="MAVPUN1121205" failures="0" tests="1" name="day2.DiffWaysToCreatePostRequestBody2" time="0.918" errors="0" timestamp="2024-04-13T14:59:07 IST" skipped="0">
  <testcase classname="day2.DiffWaysToCreatePostRequestBody2" name="testDelete" time="0.918"/>
  <system-out/>
</testsuite> <!-- day2.DiffWaysToCreatePostRequestBody2 -->
