<?xml version="1.0" encoding="UTF-8"?>
<!-- Generated by org.testng.reporters.JUnitReportReporter -->
<testsuite hostname="MAVPUN1121205" failures="0" tests="1" name="day8.GetUser" time="0.834" errors="0" timestamp="2024-04-25T16:51:59 IST" skipped="0">
  <testcase classname="day8.GetUser" name="test_getUser" time="0.834"/>
  <system-out/>
</testsuite> <!-- day8.GetUser -->
