<?xml version="1.0" encoding="UTF-8"?>
<!-- Generated by org.testng.reporters.JUnitReportReporter -->
<testsuite hostname="MAVPUN1121205" failures="0" tests="2" name="day6.SerializationDeserialization" time="0.238" errors="0" timestamp="2024-07-28T16:37:15 IST" skipped="0">
  <testcase classname="day6.SerializationDeserialization" name="covertPOJO2JSON" time="0.217"/>
  <system-out/>
  <testcase classname="day6.SerializationDeserialization" name="covertJSON2POJO" time="0.021"/>
  <system-out/>
</testsuite> <!-- day6.SerializationDeserialization -->
