<?xml version="1.0" encoding="UTF-8"?>
<!-- Generated by org.testng.reporters.JUnitReportReporter -->
<testsuite hostname="MAVPUN1121205" failures="0" tests="1" name="practice.CreateUser" time="2.507" errors="0" timestamp="2024-04-25T16:21:47 IST" skipped="0">
  <testcase classname="practice.CreateUser" name="test_CreateUser" time="2.507"/>
  <system-out/>
</testsuite> <!-- practice.CreateUser -->
