<?xml version="1.0" encoding="UTF-8"?>
<!-- Generated by org.testng.reporters.JUnitReportReporter -->
<testsuite hostname="MAVPUN1121205" failures="0" tests="1" name="stringCodes.statiCdeo" time="1.315" errors="0" timestamp="2024-07-09T14:40:19 IST" skipped="0">
  <testcase classname="stringCodes.statiCdeo" name="getMethod" time="1.315"/>
  <system-out/>
</testsuite> <!-- stringCodes.statiCdeo -->
