<?xml version="1.0" encoding="UTF-8"?>
<!-- Generated by org.testng.reporters.JUnitReportReporter -->
<testsuite hostname="MAVPUN1121205" failures="0" tests="1" name="day5.FileUploadAndDownload" time="2.842" errors="0" timestamp="2024-05-11T14:05:00 IST" skipped="0">
  <testcase classname="day5.FileUploadAndDownload" name="uploadImage" time="2.842"/>
  <system-out/>
</testsuite> <!-- day5.FileUploadAndDownload -->
