<?xml version="1.0" encoding="UTF-8"?>
<!-- Generated by org.testng.reporters.JUnitReportReporter -->
<testsuite hostname="MAVPUN1121205" failures="0" tests="1" name="data3.CookiesDemo" time="1.470" errors="0" timestamp="2024-04-13T16:21:13 IST" skipped="0">
  <testcase classname="data3.CookiesDemo" name="getCookiesInfo" time="1.470"/>
  <system-out/>
</testsuite> <!-- data3.CookiesDemo -->
