<?xml version="1.0" encoding="UTF-8"?>
<!-- Generated by org.testng.reporters.JUnitReportReporter -->
<testsuite hostname="MAVPUN1121205" failures="0" tests="1" name="stringCodes.Authentication_Practice" time="1.870" errors="0" timestamp="2024-05-14T02:20:25 IST" skipped="0">
  <testcase classname="stringCodes.Authentication_Practice" name="APIKey" time="1.870"/>
  <system-out/>
</testsuite> <!-- stringCodes.Authentication_Practice -->
