<?xml version="1.0" encoding="UTF-8"?>
<!-- Generated by org.testng.reporters.JUnitReportReporter -->
<testsuite hostname="MAVPUN1121205" failures="0" tests="1" name="day2.DiffWaysToCreatePostRequestBody" time="0.914" errors="0" timestamp="2024-04-13T14:45:39 IST" skipped="0">
  <testcase classname="day2.DiffWaysToCreatePostRequestBody" name="testDelete" time="0.914"/>
  <system-out/>
</testsuite> <!-- day2.DiffWaysToCreatePostRequestBody -->
