<?xml version="1.0" encoding="UTF-8"?>
<!-- Generated by org.testng.reporters.JUnitReportReporter -->
<testsuite hostname="MAVPUN1121205" failures="0" tests="1" name="stringCodes.FileUploadAndDownload_Practice" time="2.404" errors="0" timestamp="2024-05-14T02:36:43 IST" skipped="0">
  <testcase classname="stringCodes.FileUploadAndDownload_Practice" name="FileUploadAndDownload" time="2.404"/>
  <system-out/>
</testsuite> <!-- stringCodes.FileUploadAndDownload_Practice -->
