<?xml version="1.0" encoding="UTF-8"?>
<!-- Generated by org.testng.reporters.JUnitReportReporter -->
<testsuite hostname="MAVPUN1121205" failures="0" tests="1" name="day2_WaysToToCreatePostRequestBody.HashMap_ToCreatePostRequestBody" time="1.084" errors="0" timestamp="2024-07-04T14:48:16 IST" skipped="0">
  <testcase classname="day2_WaysToToCreatePostRequestBody.HashMap_ToCreatePostRequestBody" name="testDelete" time="1.084"/>
  <system-out/>
</testsuite> <!-- day2_WaysToToCreatePostRequestBody.HashMap_ToCreatePostRequestBody -->
