<?xml version="1.0" encoding="UTF-8"?>
<!-- Generated by org.testng.reporters.JUnitReportReporter -->
<testsuite hostname="MAVPUN1121205" failures="0" tests="1" name="day6.JsonSchemaValidation" time="1.289" errors="0" timestamp="2024-07-08T19:38:11 IST" skipped="0">
  <testcase classname="day6.JsonSchemaValidation" name="jsonSchemaValidation" time="1.289"/>
  <system-out/>
</testsuite> <!-- day6.JsonSchemaValidation -->
