<?xml version="1.0" encoding="UTF-8"?>
<!-- Generated by org.testng.reporters.JUnitReportReporter -->
<testsuite hostname="MAVPUN1121205" failures="0" tests="1" name="practice.JsonDataValidation" time="1.118" errors="0" timestamp="2024-04-28T15:28:36 IST" skipped="0">
  <testcase classname="practice.JsonDataValidation" name="schemaValidation" time="1.118"/>
  <system-out/>
</testsuite> <!-- practice.JsonDataValidation -->
