<?xml version="1.0" encoding="UTF-8"?>
<!-- Generated by org.testng.reporters.JUnitReportReporter -->
<testsuite hostname="MAVPUN1121205" failures="0" tests="6" name="practice.Chaininig" time="4.954" errors="0" timestamp="2024-04-28T15:12:37 IST" skipped="0">
  <testcase classname="practice.Chaininig" name="digestAuth" time="0.666"/>
  <system-out/>
  <testcase classname="practice.Chaininig" name="OAuth_2" time="0.461"/>
  <system-out/>
  <testcase classname="practice.Chaininig" name="APIKey" time="2.235"/>
  <system-out/>
  <testcase classname="practice.Chaininig" name="basicAuthentication" time="0.716"/>
  <system-out/>
  <testcase classname="practice.Chaininig" name="BearerTokenAuth" time="0.429"/>
  <system-out/>
  <testcase classname="practice.Chaininig" name="preemtiveAuthentication" time="0.447"/>
  <system-out/>
</testsuite> <!-- practice.Chaininig -->
