<?xml version="1.0" encoding="UTF-8"?>
<!-- Generated by org.testng.reporters.JUnitReportReporter -->
<testsuite hostname="MAVPUN1121205" failures="0" tests="1" name="stringCodes.Cookies_Practice" time="1.297" errors="0" timestamp="2024-05-14T02:52:28 IST" skipped="0">
  <testcase classname="stringCodes.Cookies_Practice" name="Cookies" time="1.297"/>
  <system-out/>
</testsuite> <!-- stringCodes.Cookies_Practice -->
