<?xml version="1.0" encoding="UTF-8"?>
<!-- Generated by org.testng.reporters.JUnitReportReporter -->
<testsuite hostname="DESKTOP-3S2OA6U" failures="0" tests="1" name="day1.HTTPRequests" time="4.934" errors="0" timestamp="2024-08-10T17:50:08 IST" skipped="0">
  <testcase classname="day1.HTTPRequests" name="getUsers" time="4.934"/>
  <system-out/>
</testsuite> <!-- day1.HTTPRequests -->
