<?xml version="1.0" encoding="UTF-8"?>
<!-- Generated by org.testng.reporters.JUnitReportReporter -->
<testsuite hostname="MAVPUN1121205" failures="0" tests="1" name="day7.Authentication" time="1.594" errors="0" timestamp="2024-07-27T19:46:55 IST" skipped="0">
  <testcase classname="day7.Authentication" name="testBearerTokeAuthentication" time="1.594"/>
  <system-out/>
</testsuite> <!-- day7.Authentication -->
