<?xml version="1.0" encoding="UTF-8"?>
<!-- Generated by org.testng.reporters.JUnitReportReporter -->
<testsuite hostname="MAVPUN1121205" failures="0" tests="1" name="day8.UpdateUser" time="0.923" errors="0" timestamp="2024-04-25T16:51:59 IST" skipped="0">
  <testcase classname="day8.UpdateUser" name="test_updateUser" time="0.923"/>
  <system-out/>
</testsuite> <!-- day8.UpdateUser -->
