<?xml version="1.0" encoding="UTF-8"?>
<!-- Generated by org.testng.reporters.JUnitReportReporter -->
<testsuite hostname="MAVPUN1121205" failures="0" tests="4" name="day1.HTTPRequests2" time="4.911" errors="0" timestamp="2024-04-25T15:47:41 IST" skipped="0">
  <testcase classname="day1.HTTPRequests2" name="postUserTest" time="2.282"/>
  <system-out/>
  <testcase classname="day1.HTTPRequests2" name="putUserTest" time="1.638"/>
  <system-out/>
  <testcase classname="day1.HTTPRequests2" name="patchUserTest" time="0.478"/>
  <system-out/>
  <testcase classname="day1.HTTPRequests2" name="deleteUserTest" time="0.513"/>
  <system-out/>
</testsuite> <!-- day1.HTTPRequests2 -->
